<?xml version="1.0" encoding="UTF-8"?>
<!-- Generated by org.testng.reporters.JUnitXMLReporter -->
<testsuite hostname="DELL-PC" name="Test Window" tests="1" failures="0" timestamp="29 Jul 2018 13:18:29 GMT" time="0.966" errors="0">
  <testcase name="@BeforeTest setup" time="0.0" classname="TestNgGridJenkins.TestNgGridJenkins.SeGridTest">
    <failure type="org.openqa.selenium.WebDriverException" message="The best matching driver provider org.openqa.selenium.ie.InternetExplorerDriver can&amp;apos;t create a new driver instance for Capabilities [{version=8, platform=WINDOWS}]
Build info: version: &amp;apos;2.48.2&amp;apos;, revision: &amp;apos;41bccdd&amp;apos;, time: &amp;apos;2015-10-09 19:59:12&amp;apos;
System info: host: &amp;apos;DELL-PC&amp;apos;, ip: &amp;apos;192.168.56.1&amp;apos;, os.name: &amp;apos;Windows 7&amp;apos;, os.arch: &amp;apos;amd64&amp;apos;, os.version: &amp;apos;6.1&amp;apos;, java.version: &amp;apos;1.8.0_151&amp;apos;
Driver info: driver.version: unknown
Command duration or timeout: 363 milliseconds
Build info: version: &amp;apos;2.53.0&amp;apos;, revision: &amp;apos;35ae25b1534ae328c771e0856c93e187490ca824&amp;apos;, time: &amp;apos;2016-03-15 10:43:46&amp;apos;
System info: host: &amp;apos;DELL-PC&amp;apos;, ip: &amp;apos;192.168.56.1&amp;apos;, os.name: &amp;apos;Windows 7&amp;apos;, os.arch: &amp;apos;x86&amp;apos;, os.version: &amp;apos;6.1&amp;apos;, java.version: &amp;apos;1.7.0_55&amp;apos;
Driver info: org.openqa.selenium.remote.RemoteWebDriver">
      <![CDATA[org.openqa.selenium.WebDriverException: The best matching driver provider org.openqa.selenium.ie.InternetExplorerDriver can't create a new driver instance for Capabilities [{version=8, platform=WINDOWS}]
Build info: version: '2.48.2', revision: '41bccdd', time: '2015-10-09 19:59:12'
System info: host: 'DELL-PC', ip: '192.168.56.1', os.name: 'Windows 7', os.arch: 'amd64', os.version: '6.1', java.version: '1.8.0_151'
Driver info: driver.version: unknown
Command duration or timeout: 363 milliseconds
Build info: version: '2.53.0', revision: '35ae25b1534ae328c771e0856c93e187490ca824', time: '2016-03-15 10:43:46'
System info: host: 'DELL-PC', ip: '192.168.56.1', os.name: 'Windows 7', os.arch: 'x86', os.version: '6.1', java.version: '1.7.0_55'
Driver info: org.openqa.selenium.remote.RemoteWebDriver
	at org.openqa.selenium.remote.ErrorHandler.createThrowable(ErrorHandler.java:206)
	at org.openqa.selenium.remote.ErrorHandler.throwIfResponseFailed(ErrorHandler.java:158)
	at org.openqa.selenium.remote.RemoteWebDriver.execute(RemoteWebDriver.java:678)
	at org.openqa.selenium.remote.RemoteWebDriver.startSession(RemoteWebDriver.java:249)
	at org.openqa.selenium.remote.RemoteWebDriver.<init>(RemoteWebDriver.java:131)
	at org.openqa.selenium.remote.RemoteWebDriver.<init>(RemoteWebDriver.java:158)
	at TestNgGridJenkins.TestNgGridJenkins.SeGridTest.setup(SeGridTest.java:58)
	at java.util.concurrent.FutureTask.run(Unknown Source)
	at java.util.concurrent.ThreadPoolExecutor.runWorker(Unknown Source)
	at java.util.concurrent.ThreadPoolExecutor$Worker.run(Unknown Source)
	at java.lang.Thread.run(Unknown Source)
Caused by: org.openqa.selenium.WebDriverException: The best matching driver provider org.openqa.selenium.ie.InternetExplorerDriver can't create a new driver instance for Capabilities [{version=8, platform=WINDOWS}]
Build info: version: '2.48.2', revision: '41bccdd', time: '2015-10-09 19:59:12'
System info: host: 'DELL-PC', ip: '192.168.56.1', os.name: 'Windows 7', os.arch: 'amd64', os.version: '6.1', java.version: '1.8.0_151'
Driver info: driver.version: unknown
Build info: version: '2.53.0', revision: '35ae25b1534ae328c771e0856c93e187490ca824', time: '2016-03-15 10:43:46'
System info: host: 'DELL-PC', ip: '192.168.56.1', os.name: 'Windows 7', os.arch: 'x86', os.version: '6.1', java.version: '1.7.0_55'
Driver info: driver.version: unknown
	at org.openqa.selenium.remote.server.DefaultDriverFactory.newInstance(DefaultDriverFactory.java:62)
	at org.openqa.selenium.remote.server.DefaultSession$BrowserCreator.call(DefaultSession.java:222)
	at org.openqa.selenium.remote.server.DefaultSession$BrowserCreator.call(DefaultSession.java:1)
	at java.util.concurrent.FutureTask.run(FutureTask.java:266)
	at org.openqa.selenium.remote.server.DefaultSession$1.run(DefaultSession.java:176)
	at java.util.concurrent.ThreadPoolExecutor.runWorker(ThreadPoolExecutor.java:1149)
	at java.util.concurrent.ThreadPoolExecutor$Worker.run(ThreadPoolExecutor.java:624)
	at java.lang.Thread.run(Thread.java:748)
... Removed 18 stack frames]]>
    </failure>
  </testcase> <!-- @BeforeTest setup -->
  <testcase name="@AfterTest afterTest" time="0.0" classname="TestNgGridJenkins.TestNgGridJenkins.SeGridTest">
    <skipped/>
  </testcase> <!-- @AfterTest afterTest -->
  <testcase name="testBmiCalculator" time="0.0" classname="TestNgGridJenkins.TestNgGridJenkins.SeGridTest">
    <skipped/>
  </testcase> <!-- testBmiCalculator -->
</testsuite> <!-- Test Window -->
